C51 COMPILER V9.01   DELAY                                                                 04/18/2024 11:55:28 PAGE 1   


C51 COMPILER V9.01, COMPILATION OF MODULE DELAY
OBJECT MODULE PLACED IN .\Delay.obj
COMPILER INVOKED BY: C:\Keil\C51\BIN\C51.EXE ..\..\Lib\Delay.c BROWSE DEBUG OBJECTEXTEND PRINT(.\Delay.lst) OBJECT(.\Del
                    -ay.obj)

line level    source

   1          #include"Delay.h"
   2          #include"main.h"
   3          #if (FREQ_OSC == 12000000)
   4                  void Delay_ms(unsigned int t){
   5   1                      unsigned int i,j;
   6   1                      for(i=0;i<t;i++){
   7   2                              for(j=0;j<123;j++);
   8   2                      }
   9   1              }
  10          #elif (FREQ_OSC == 11059200)
                      void Delay_ms(unsigned int t){
                              unsigned int i,j;
                              for(i=0;i<t;i++){
                                      for(j=0;j<113;j++);
                              }
                      }
              #elif (FREQ_OSC == 8000000)
                      void Delay_ms(unsigned int t){
                              unsigned int i;
                              unsigned char j;
                              for(i=0;i<t;i++){
                                      for(j=0;j<218;j++);
                              }
                      }
              #elif (FREQ_OSC == 4000000)
                      void Delay_ms(unsigned int t){
                              unsigned int i;
                              unsigned char j;
                              for(i=0;i<t;i++){
                                      for(j=0;j<106;j++);
                              }
                      }
              #else 
                      #error "Khong co ham Delay_ms nao tuong ung"
              #endif


MODULE INFORMATION:   STATIC OVERLAYABLE
   CODE SIZE        =     32    ----
   CONSTANT SIZE    =   ----    ----
   XDATA SIZE       =   ----    ----
   PDATA SIZE       =   ----    ----
   DATA SIZE        =   ----    ----
   IDATA SIZE       =   ----    ----
   BIT SIZE         =   ----    ----
END OF MODULE INFORMATION.


C51 COMPILATION COMPLETE.  0 WARNING(S),  0 ERROR(S)
