C51 COMPILER V9.01   MAIN                                                                  04/18/2024 14:24:02 PAGE 1   


C51 COMPILER V9.01, COMPILATION OF MODULE MAIN
OBJECT MODULE PLACED IN main.OBJ
COMPILER INVOKED BY: C:\Keil\C51\BIN\C51.EXE main.c BROWSE DEBUG OBJECTEXTEND

line level    source

   1          #include <REGX52.H>
   2          typedef enum 
   3          {
   4                  SETUP_HOUR = 0U,
   5                  SETUP_ALHOUR,
   6                  SETUP_MIN,
   7                  SETUP_ALMIN,
   8                  SETUP_SEC,
   9                  NOT_SETUP
  10          }SetUpTime;
  11          
  12          unsigned char slave1 = 0x70;
  13          unsigned char code segments7Led[] = {0xC0, 0xF9, 0xA4, 0xB0, 0x99, 0x92, 0x82, 0xF8, 0x80, 0x90, 0x08, 0x4
             -7};
  14          signed char u8Hour = 0;
  15          signed char u8Min = 0;
  16          signed char u8ALHour = 1;
  17          signed char u8ALMin = 1;
  18          signed char u8Sec = 0;
  19          unsigned int u8Count = 0, u8Mode = 0;
  20          
  21          void Delay(int Value)
  22          {
  23   1              while(Value > 0)
  24   1              {
  25   2                      Value--;
  26   2              }
  27   1      }
  28          void showLed7sSeg(unsigned char no, unsigned int u8Number)
  29          {
  30   1              unsigned int u8TempNumber = 0U;
  31   1      
  32   1              u8TempNumber = segments7Led[u8Number];
  33   1              
  34   1              if((u8TempNumber&0x01) == 0x01)
  35   1              {
  36   2                      P2_0 = 1;
  37   2              }
  38   1              else
  39   1              {
  40   2                      P2_0 = 0;
  41   2              }
  42   1      
  43   1              u8TempNumber = u8TempNumber>>1;
  44   1      
  45   1              if((u8TempNumber&0x01) == 0x01)
  46   1              {
  47   2                      P2_1 = 1;
  48   2              }
  49   1              else
  50   1              {
  51   2                      P2_1 = 0;
  52   2              }
  53   1      
  54   1              u8TempNumber = u8TempNumber>>1;
C51 COMPILER V9.01   MAIN                                                                  04/18/2024 14:24:02 PAGE 2   

  55   1      
  56   1              if((u8TempNumber&0x01) == 0x01)
  57   1              {
  58   2                      P2_2 = 1;
  59   2              }
  60   1              else
  61   1              {
  62   2                      P2_2 = 0;
  63   2              }
  64   1      
  65   1              u8TempNumber = u8TempNumber>>1;
  66   1      
  67   1              if((u8TempNumber&0x01) == 0x01)
  68   1              {
  69   2                      P2_3 = 1;
  70   2              }
  71   1              else
  72   1              {
  73   2                      P2_3 = 0;
  74   2              }
  75   1      
  76   1              u8TempNumber = u8TempNumber>>1;
  77   1      
  78   1              if((u8TempNumber&0x01) == 0x01)
  79   1              {
  80   2                      P2_4 = 1;
  81   2              }
  82   1              else
  83   1              {
  84   2                      P2_4 = 0;
  85   2              }
  86   1      
  87   1              u8TempNumber = u8TempNumber>>1;
  88   1      
  89   1              if((u8TempNumber&0x01) == 0x01)
  90   1              {
  91   2                      P2_5 = 1;
  92   2              }
  93   1              else
  94   1              {
  95   2                      P2_5 = 0;
  96   2              }
  97   1      
  98   1              u8TempNumber = u8TempNumber>>1;
  99   1      
 100   1              if((u8TempNumber&0x01) == 0x01)
 101   1              {
 102   2                      P2_6 = 1;
 103   2              }
 104   1              else
 105   1              {
 106   2                      P2_6 = 0;
 107   2              }
 108   1      
 109   1              if(no == 1)
 110   1              {
 111   2                      P2_7 = 1;
 112   2              }else if (no == 2)
 113   1              {
 114   2                      P3_0 = 1;
 115   2              }else if (no == 3)
 116   1              {
C51 COMPILER V9.01   MAIN                                                                  04/18/2024 14:24:02 PAGE 3   

 117   2                      P3_1 = 1;
 118   2              }else if (no == 4)
 119   1              {
 120   2                      P3_2 = 1;
 121   2              }else if (no == 5)
 122   1              {
 123   2                      P3_3 = 1;
 124   2              }else if (no == 6)
 125   1              {
 126   2                      P3_4 = 1;
 127   2              }
 128   1              else
 129   1              {
 130   2                      P2_7 = 0;
 131   2                      P3_0 = 0;
 132   2                      P3_1 = 0;
 133   2                      P3_2 = 0;
 134   2                      P3_3 = 0;
 135   2                      P3_4 = 0;       
 136   2              }
 137   1              Delay(1000);
 138   1      }
 139          
 140          void Display_7seg(unsigned char Hour, unsigned char Min, unsigned char Sec, SetUpTime ModeSetup)
 141          {
 142   1              unsigned int u8Digit;
 143   1              
 144   1              if(ModeSetup == SETUP_HOUR)
 145   1              {
 146   2                      P2_7 = 0;
 147   2                      P3_0 = 0;
 148   2                      P3_1 = 0;
 149   2                      P3_2 = 0;
 150   2                      P3_3 = 0;
 151   2                      P3_4 = 0;
 152   2              
 153   2                      u8Digit = Hour/10;
 154   2                      showLed7sSeg(1,u8Digit);
 155   2              
 156   2                      P2_7 = 0;
 157   2                      P3_0 = 0;
 158   2                      P3_1 = 0;
 159   2                      P3_2 = 0;
 160   2                      P3_3 = 0;
 161   2                      P3_4 = 0;
 162   2              
 163   2                      u8Digit = Hour%10;
 164   2                      showLed7sSeg(2,u8Digit);
 165   2                              
 166   2              }else if(ModeSetup == SETUP_ALHOUR)
 167   1              {
 168   2                      P2_7 = 0;
 169   2                      P3_0 = 0;
 170   2                      P3_1 = 0;
 171   2                      P3_2 = 0;
 172   2                      P3_3 = 0;
 173   2                      P3_4 = 0;
 174   2              
 175   2                      u8Digit = Hour/10;
 176   2                      showLed7sSeg(1,u8Digit);
 177   2              
 178   2                      P2_7 = 0;
C51 COMPILER V9.01   MAIN                                                                  04/18/2024 14:24:02 PAGE 4   

 179   2                      P3_0 = 0;
 180   2                      P3_1 = 0;
 181   2                      P3_2 = 0;
 182   2                      P3_3 = 0;
 183   2                      P3_4 = 0;
 184   2              
 185   2                      u8Digit = Hour%10;
 186   2                      showLed7sSeg(2,u8Digit);
 187   2      
 188   2                      P2_7 = 0;
 189   2                      P3_0 = 0;
 190   2                      P3_1 = 0;
 191   2                      P3_2 = 0;
 192   2                      P3_3 = 0;
 193   2                      P3_4 = 0;
 194   2              
 195   2                      showLed7sSeg(5,10);
 196   2              
 197   2                      P2_7 = 0;
 198   2                      P3_0 = 0;
 199   2                      P3_1 = 0;
 200   2                      P3_2 = 0;
 201   2                      P3_3 = 0;
 202   2                      P3_4 = 0;
 203   2              
 204   2                      showLed7sSeg(6,11);
 205   2              }else if(ModeSetup == SETUP_ALMIN)
 206   1              {
 207   2                      P2_7 = 0;
 208   2                      P3_0 = 0;
 209   2                      P3_1 = 0;
 210   2                      P3_2 = 0;
 211   2                      P3_3 = 0;
 212   2                      P3_4 = 0;
 213   2              
 214   2                      u8Digit = Min/10;
 215   2                      showLed7sSeg(3,u8Digit);
 216   2              
 217   2                      P2_7 = 0;
 218   2                      P3_0 = 0;
 219   2                      P3_1 = 0;
 220   2                      P3_2 = 0;
 221   2                      P3_3 = 0;
 222   2                      P3_4 = 0;
 223   2              
 224   2                      u8Digit = Min%10;
 225   2                      showLed7sSeg(4,u8Digit);
 226   2      
 227   2                      P2_7 = 0;
 228   2                      P3_0 = 0;
 229   2                      P3_1 = 0;
 230   2                      P3_2 = 0;
 231   2                      P3_3 = 0;
 232   2                      P3_4 = 0;
 233   2              
 234   2                      showLed7sSeg(5,10);
 235   2              
 236   2                      P2_7 = 0;
 237   2                      P3_0 = 0;
 238   2                      P3_1 = 0;
 239   2                      P3_2 = 0;
 240   2                      P3_3 = 0;
C51 COMPILER V9.01   MAIN                                                                  04/18/2024 14:24:02 PAGE 5   

 241   2                      P3_4 = 0;
 242   2              
 243   2                      showLed7sSeg(6,11);
 244   2              }
 245   1              else if(ModeSetup == SETUP_MIN)
 246   1              {
 247   2                      P2_7 = 0;
 248   2                      P3_0 = 0;
 249   2                      P3_1 = 0;
 250   2                      P3_2 = 0;
 251   2                      P3_3 = 0;
 252   2                      P3_4 = 0;
 253   2              
 254   2                      u8Digit = Min/10;
 255   2                      showLed7sSeg(3,u8Digit);
 256   2              
 257   2                      P2_7 = 0;
 258   2                      P3_0 = 0;
 259   2                      P3_1 = 0;
 260   2                      P3_2 = 0;
 261   2                      P3_3 = 0;
 262   2                      P3_4 = 0;
 263   2              
 264   2                      u8Digit = Min%10;
 265   2                      showLed7sSeg(4,u8Digit);
 266   2                              
 267   2              }else if(ModeSetup == SETUP_SEC)
 268   1              {
 269   2                      P2_7 = 0;
 270   2                      P3_0 = 0;
 271   2                      P3_1 = 0;
 272   2                      P3_2 = 0;
 273   2                      P3_3 = 0;
 274   2                      P3_4 = 0;
 275   2              
 276   2                      u8Digit = Sec/10;
 277   2                      showLed7sSeg(5,u8Digit);
 278   2              
 279   2                      P2_7 = 0;
 280   2                      P3_0 = 0;
 281   2                      P3_1 = 0;
 282   2                      P3_2 = 0;
 283   2                      P3_3 = 0;
 284   2                      P3_4 = 0;
 285   2              
 286   2                      u8Digit = Sec%10;
 287   2                      showLed7sSeg(6,u8Digit);
 288   2                              
 289   2              }else
 290   1              {
 291   2                      P2_7 = 0;
 292   2                      P3_0 = 0;
 293   2                      P3_1 = 0;
 294   2                      P3_2 = 0;
 295   2                      P3_3 = 0;
 296   2                      P3_4 = 0;
 297   2              
 298   2                      u8Digit = Hour/10;
 299   2                      showLed7sSeg(1,u8Digit);
 300   2              
 301   2                      P2_7 = 0;
 302   2                      P3_0 = 0;
C51 COMPILER V9.01   MAIN                                                                  04/18/2024 14:24:02 PAGE 6   

 303   2                      P3_1 = 0;
 304   2                      P3_2 = 0;
 305   2                      P3_3 = 0;
 306   2                      P3_4 = 0;
 307   2              
 308   2                      u8Digit = Hour%10;
 309   2                      showLed7sSeg(2,u8Digit);
 310   2              
 311   2                      P2_7 = 0;
 312   2                      P3_0 = 0;
 313   2                      P3_1 = 0;
 314   2                      P3_2 = 0;
 315   2                      P3_3 = 0;
 316   2                      P3_4 = 0;
 317   2              
 318   2                      u8Digit = Min/10;
 319   2                      showLed7sSeg(3,u8Digit);
 320   2              
 321   2                      P2_7 = 0;
 322   2                      P3_0 = 0;
 323   2                      P3_1 = 0;
 324   2                      P3_2 = 0;
 325   2                      P3_3 = 0;
 326   2                      P3_4 = 0;
 327   2              
 328   2                      u8Digit = Min%10;
 329   2                      showLed7sSeg(4,u8Digit);
 330   2              
 331   2                      P2_7 = 0;
 332   2                      P3_0 = 0;
 333   2                      P3_1 = 0;
 334   2                      P3_2 = 0;
 335   2                      P3_3 = 0;
 336   2                      P3_4 = 0;
 337   2              
 338   2                      u8Digit = Sec/10;
 339   2                      showLed7sSeg(5,u8Digit);
 340   2              
 341   2                      P2_7 = 0;
 342   2                      P3_0 = 0;
 343   2                      P3_1 = 0;
 344   2                      P3_2 = 0;
 345   2                      P3_3 = 0;
 346   2                      P3_4 = 0;
 347   2              
 348   2                      u8Digit = Sec%10;
 349   2                      showLed7sSeg(6,u8Digit);
 350   2              }
 351   1      }
 352          
 353          void Interrupt_Timer0()
 354          {
 355   1                      //16 bits timer/counter
 356   1                      TMOD = 0x01;
 357   1      
 358   1                      //setup 1ms for overflow
 359   1                      TH0 = 0xFC;
 360   1                      TL0 = 0x18;
 361   1                      //Enable Interrupt
 362   1                      ET0 = 1;
 363   1                      EA = 1;//enable ngat tong
 364   1                      //Enable timer 0 
C51 COMPILER V9.01   MAIN                                                                  04/18/2024 14:24:02 PAGE 7   

 365   1                      TR0 = 1;
 366   1      }
 367          
 368          void ISR_TIMER0() interrupt 1
 369          {       
 370   1              if(ET0 == 1)
 371   1              {       
 372   2                      u8Count++;
 373   2      
 374   2                      if(1000 == u8Count)
 375   2                      {
 376   3                              u8Sec++;
 377   3                              u8Count = 0;
 378   3                              if(u8Sec == 60)
 379   3                              {
 380   4                                      u8Min++;
 381   4                                      u8Sec = 0;
 382   4                                      if(u8Min == 60)
 383   4                                      {
 384   5                                              u8Hour++;
 385   5                                              u8Min = 0;
 386   5                                              if(u8Hour == 24)
 387   5                                              {
 388   6                                                      u8Hour = 0;
 389   6                                              }
 390   5                                      }
 391   4                              }
 392   3      
 393   3                      }
 394   2                      //setup 1ms for overflow
 395   2                      TH0 = 0xFC;
 396   2                      TL0 = 0x18;
 397   2              }
 398   1      }
 399          
 400          void main()
 401          {       
 402   1              Interrupt_Timer0();
 403   1              while(1)
 404   1              {       
 405   2                      if(P3_5 == 0)
 406   2                      {
 407   3                              Delay(500);
 408   3                              while(P3_5 == 0);
 409   3                              u8Mode++;
 410   3                      }
 411   2                      if(u8Mode == 0)
 412   2                      {
 413   3                              Display_7seg(u8Hour, u8Min, u8Sec, NOT_SETUP);  
 414   3                      }else if(u8Mode == 1)
 415   2                      {
 416   3                              if(P3_6 == 0)
 417   3                              {
 418   4                                      Delay(500);
 419   4                                      while(P3_6 == 0);
 420   4                                      u8Hour++;
 421   4                                      
 422   4                                      if(u8Hour == 24)
 423   4                                      {
 424   5                                              u8Hour = 0;
 425   5                                      }
 426   4                              }
C51 COMPILER V9.01   MAIN                                                                  04/18/2024 14:24:02 PAGE 8   

 427   3              
 428   3                              if(P3_7 == 0)
 429   3                              {
 430   4                                      Delay(500);
 431   4                                      while(P3_7 == 0);
 432   4                                      u8Hour--;
 433   4                                      
 434   4                                      if(u8Hour == 0)
 435   4                                      {
 436   5                                              u8Hour = 23;
 437   5                                      }
 438   4                              }
 439   3                              Display_7seg(u8Hour, u8Min, u8Sec, SETUP_HOUR); 
 440   3                      }else if(u8Mode == 2)
 441   2                      {
 442   3                              if(P3_6 == 0)
 443   3                              {
 444   4                                      Delay(500);
 445   4                                      while(P3_6 == 0);
 446   4                                      u8Min++;
 447   4                                      
 448   4                                      if(u8Min == 60)
 449   4                                      {
 450   5                                              u8Min = 0;
 451   5                                      }
 452   4                              }
 453   3              
 454   3                              if(P3_7 == 0)
 455   3                              {
 456   4                                      Delay(500);
 457   4                                      while(P3_7 == 0);
 458   4                                      u8Min--;
 459   4                                      
 460   4                                      if(u8Min == 0)
 461   4                                      {
 462   5                                              u8Min = 59;
 463   5                                      }
 464   4                              }
 465   3                              Display_7seg(u8Hour, u8Min, u8Sec, SETUP_MIN);  
 466   3                      }else if(u8Mode == 3)
 467   2                      {
 468   3                              if(P3_6 == 0)
 469   3                              {
 470   4                                      Delay(500);
 471   4                                      while(P3_6 == 0);
 472   4                                      u8Sec++;
 473   4                                      
 474   4                                      if(u8Sec == 60)
 475   4                                      {
 476   5                                              u8Sec = 0;
 477   5                                      }
 478   4                              }
 479   3              
 480   3                              if(P3_7 == 0)
 481   3                              {
 482   4                                      Delay(500);
 483   4                                      while(P3_7 == 0);
 484   4                                      u8Sec--;
 485   4                                      
 486   4                                      if(u8Sec == 0)
 487   4                                      {
 488   5                                              u8Sec = 59;
C51 COMPILER V9.01   MAIN                                                                  04/18/2024 14:24:02 PAGE 9   

 489   5                                      }
 490   4                              }
 491   3                              Display_7seg(u8Hour, u8Min, u8Sec, SETUP_SEC);  
 492   3                      }else if(u8Mode == 4)
 493   2                      {
 494   3                              Display_7seg(u8ALHour, u8ALMin, u8Sec,SETUP_ALHOUR);
 495   3                              
 496   3                              if(P3_6 == 0)
 497   3                              {
 498   4                                      Delay(500);
 499   4                                      while(P3_6 == 0);
 500   4                                      u8ALHour++;
 501   4                                      
 502   4                                      if(u8ALHour == 24)
 503   4                                      {
 504   5                                              u8ALHour = 0;
 505   5                                      }
 506   4                              }
 507   3              
 508   3                              if(P3_7 == 0)
 509   3                              {
 510   4                                      Delay(500);
 511   4                                      while(P3_7 == 0);
 512   4                                      u8ALHour--;
 513   4                                      
 514   4                                      if(u8ALHour == 0)
 515   4                                      {
 516   5                                              u8ALHour = 23;
 517   5                                      }               
 518   4                              }
 519   3                      }
 520   2                      else if(u8Mode == 5)
 521   2                      {
 522   3                              Display_7seg(u8ALHour, u8ALMin, u8Sec, SETUP_ALMIN);
 523   3                              
 524   3                              if(P3_6 == 0)
 525   3                              {
 526   4                                      Delay(500);
 527   4                                      while(P3_6 == 0);
 528   4                                      u8ALMin++;
 529   4                                      
 530   4                                      if(u8ALMin == 60)
 531   4                                      {
 532   5                                              u8ALMin = 0;
 533   5                                      }
 534   4                              }
 535   3              
 536   3                              if(P3_7 == 0)
 537   3                              {
 538   4                                      Delay(500);
 539   4                                      while(P3_7 == 0);
 540   4                                      u8ALMin--;
 541   4                                      
 542   4                                      if(u8ALMin == 0)
 543   4                                      {
 544   5                                              u8ALMin = 59;
 545   5                                      }
 546   4                              }               
 547   3                      }
 548   2                      else
 549   2                      {
 550   3                              u8Mode = 0;
C51 COMPILER V9.01   MAIN                                                                  04/18/2024 14:24:02 PAGE 10  

 551   3                      }
 552   2                      if((u8ALHour == u8Hour) && (u8ALMin == u8Min))
 553   2                      {
 554   3                              P1_3 = 1;       
 555   3                      }else
 556   2                      {
 557   3                              P1_3 = 0;
 558   3                      }
 559   2      
 560   2                      if(P1_2 == 0)
 561   2                      {       
 562   3                              u8ALMin += 1;
 563   3                              P1_3 = 0;       
 564   3                      }
 565   2              }
 566   1      }                                       


MODULE INFORMATION:   STATIC OVERLAYABLE
   CODE SIZE        =   1107    ----
   CONSTANT SIZE    =     12    ----
   XDATA SIZE       =   ----    ----
   PDATA SIZE       =   ----    ----
   DATA SIZE        =     10       6
   IDATA SIZE       =   ----    ----
   BIT SIZE         =   ----    ----
END OF MODULE INFORMATION.


C51 COMPILATION COMPLETE.  0 WARNING(S),  0 ERROR(S)
